{"/Users/sandeepvemula/Documents/lib/proofpoint/valid-sentence/src/App.jsx": {"path":"/Users/sandeepvemula/Documents/lib/proofpoint/valid-sentence/src/App.jsx","all":false,"statementMap":{"0":{"start":{"line":1,"column":0},"end":{"line":1,"column":33}},"1":{"start":{"line":2,"column":0},"end":{"line":2,"column":19}},"2":{"start":{"line":3,"column":0},"end":{"line":3,"column":38}},"3":{"start":{"line":4,"column":0},"end":{"line":4,"column":0}},"4":{"start":{"line":5,"column":0},"end":{"line":5,"column":16}},"5":{"start":{"line":6,"column":0},"end":{"line":6,"column":47}},"6":{"start":{"line":7,"column":0},"end":{"line":7,"column":44}},"7":{"start":{"line":8,"column":0},"end":{"line":8,"column":45}},"8":{"start":{"line":9,"column":0},"end":{"line":9,"column":0}},"9":{"start":{"line":10,"column":0},"end":{"line":10,"column":34}},"10":{"start":{"line":11,"column":0},"end":{"line":11,"column":20}},"11":{"start":{"line":12,"column":0},"end":{"line":12,"column":35}},"12":{"start":{"line":13,"column":0},"end":{"line":13,"column":21}},"13":{"start":{"line":14,"column":0},"end":{"line":14,"column":14}},"14":{"start":{"line":15,"column":0},"end":{"line":15,"column":22}},"15":{"start":{"line":16,"column":0},"end":{"line":16,"column":5}},"16":{"start":{"line":17,"column":0},"end":{"line":17,"column":3}},"17":{"start":{"line":18,"column":0},"end":{"line":18,"column":0}},"18":{"start":{"line":19,"column":0},"end":{"line":19,"column":31}},"19":{"start":{"line":20,"column":0},"end":{"line":20,"column":20}},"20":{"start":{"line":21,"column":0},"end":{"line":21,"column":20}},"21":{"start":{"line":22,"column":0},"end":{"line":22,"column":21}},"22":{"start":{"line":23,"column":0},"end":{"line":23,"column":13}},"23":{"start":{"line":24,"column":0},"end":{"line":24,"column":5}},"24":{"start":{"line":25,"column":0},"end":{"line":25,"column":34}},"25":{"start":{"line":26,"column":0},"end":{"line":26,"column":3}},"26":{"start":{"line":27,"column":0},"end":{"line":27,"column":0}},"27":{"start":{"line":28,"column":0},"end":{"line":28,"column":10}},"28":{"start":{"line":29,"column":0},"end":{"line":29,"column":32}},"29":{"start":{"line":30,"column":0},"end":{"line":30,"column":15}},"30":{"start":{"line":31,"column":0},"end":{"line":31,"column":104}},"31":{"start":{"line":32,"column":0},"end":{"line":32,"column":89}},"32":{"start":{"line":33,"column":0},"end":{"line":33,"column":16}},"33":{"start":{"line":34,"column":0},"end":{"line":34,"column":25}},"34":{"start":{"line":35,"column":0},"end":{"line":35,"column":27}},"35":{"start":{"line":36,"column":0},"end":{"line":36,"column":23}},"36":{"start":{"line":37,"column":0},"end":{"line":37,"column":21}},"37":{"start":{"line":38,"column":0},"end":{"line":38,"column":28}},"38":{"start":{"line":39,"column":0},"end":{"line":39,"column":37}},"39":{"start":{"line":40,"column":0},"end":{"line":40,"column":33}},"40":{"start":{"line":41,"column":0},"end":{"line":41,"column":42}},"41":{"start":{"line":42,"column":0},"end":{"line":42,"column":35}},"42":{"start":{"line":43,"column":0},"end":{"line":43,"column":15}},"43":{"start":{"line":44,"column":0},"end":{"line":44,"column":14}},"44":{"start":{"line":45,"column":0},"end":{"line":45,"column":12}},"45":{"start":{"line":46,"column":0},"end":{"line":46,"column":14}},"46":{"start":{"line":47,"column":0},"end":{"line":47,"column":104}},"47":{"start":{"line":48,"column":0},"end":{"line":48,"column":16}},"48":{"start":{"line":49,"column":0},"end":{"line":49,"column":11}},"49":{"start":{"line":50,"column":0},"end":{"line":50,"column":3}},"50":{"start":{"line":51,"column":0},"end":{"line":51,"column":1}},"51":{"start":{"line":52,"column":0},"end":{"line":52,"column":0}},"52":{"start":{"line":53,"column":0},"end":{"line":53,"column":18}}},"s":{"0":1,"1":1,"2":1,"3":1,"4":25,"5":25,"6":25,"7":25,"8":25,"9":25,"10":16,"11":16,"12":16,"13":16,"14":16,"15":16,"16":16,"17":16,"18":25,"19":3,"20":3,"21":1,"22":1,"23":1,"24":3,"25":2,"26":3,"27":3,"28":25,"29":25,"30":25,"31":25,"32":25,"33":25,"34":25,"35":25,"36":25,"37":25,"38":25,"39":25,"40":19,"41":3,"42":3,"43":19,"44":25,"45":25,"46":25,"47":25,"48":25,"49":25,"50":25,"51":25,"52":1},"branchMap":{"0":{"type":"branch","line":5,"loc":{"start":{"line":5,"column":0},"end":{"line":53,"column":15}},"locations":[{"start":{"line":5,"column":0},"end":{"line":53,"column":15}}]},"1":{"type":"branch","line":32,"loc":{"start":{"line":32,"column":44},"end":{"line":32,"column":88}},"locations":[{"start":{"line":32,"column":44},"end":{"line":32,"column":88}}]},"2":{"type":"branch","line":32,"loc":{"start":{"line":32,"column":54},"end":{"line":32,"column":74}},"locations":[{"start":{"line":32,"column":54},"end":{"line":32,"column":74}}]},"3":{"type":"branch","line":32,"loc":{"start":{"line":32,"column":63},"end":{"line":32,"column":88}},"locations":[{"start":{"line":32,"column":63},"end":{"line":32,"column":88}}]},"4":{"type":"branch","line":47,"loc":{"start":{"line":47,"column":40},"end":{"line":47,"column":58}},"locations":[{"start":{"line":47,"column":40},"end":{"line":47,"column":58}}]},"5":{"type":"branch","line":47,"loc":{"start":{"line":47,"column":48},"end":{"line":47,"column":63}},"locations":[{"start":{"line":47,"column":48},"end":{"line":47,"column":63}}]},"6":{"type":"branch","line":10,"loc":{"start":{"line":10,"column":2},"end":{"line":19,"column":11}},"locations":[{"start":{"line":10,"column":2},"end":{"line":19,"column":11}}]},"7":{"type":"branch","line":19,"loc":{"start":{"line":19,"column":2},"end":{"line":28,"column":10}},"locations":[{"start":{"line":19,"column":2},"end":{"line":28,"column":10}}]},"8":{"type":"branch","line":21,"loc":{"start":{"line":21,"column":19},"end":{"line":25,"column":14}},"locations":[{"start":{"line":21,"column":19},"end":{"line":25,"column":14}}]},"9":{"type":"branch","line":25,"loc":{"start":{"line":25,"column":4},"end":{"line":26,"column":3}},"locations":[{"start":{"line":25,"column":4},"end":{"line":26,"column":3}}]},"10":{"type":"branch","line":40,"loc":{"start":{"line":40,"column":23},"end":{"line":44,"column":14}},"locations":[{"start":{"line":40,"column":23},"end":{"line":44,"column":14}}]},"11":{"type":"branch","line":41,"loc":{"start":{"line":41,"column":41},"end":{"line":43,"column":15}},"locations":[{"start":{"line":41,"column":41},"end":{"line":43,"column":15}}]}},"b":{"0":[25],"1":[2],"2":[1],"3":[1],"4":[1],"5":[24],"6":[16],"7":[3],"8":[1],"9":[2],"10":[19],"11":[3]},"fnMap":{"0":{"name":"App","decl":{"start":{"line":5,"column":0},"end":{"line":53,"column":15}},"loc":{"start":{"line":5,"column":0},"end":{"line":53,"column":15}},"line":5},"1":{"name":"handleOnChange","decl":{"start":{"line":10,"column":2},"end":{"line":19,"column":11}},"loc":{"start":{"line":10,"column":2},"end":{"line":19,"column":11}},"line":10},"2":{"name":"validateSentence","decl":{"start":{"line":19,"column":2},"end":{"line":28,"column":10}},"loc":{"start":{"line":19,"column":2},"end":{"line":28,"column":10}},"line":19},"3":{"name":"onKeyDown","decl":{"start":{"line":40,"column":23},"end":{"line":44,"column":14}},"loc":{"start":{"line":40,"column":23},"end":{"line":44,"column":14}},"line":40}},"f":{"0":25,"1":16,"2":3,"3":19}}
,"/Users/sandeepvemula/Documents/lib/proofpoint/valid-sentence/src/validate.js": {"path":"/Users/sandeepvemula/Documents/lib/proofpoint/valid-sentence/src/validate.js","all":false,"statementMap":{"0":{"start":{"line":1,"column":0},"end":{"line":1,"column":36}},"1":{"start":{"line":2,"column":0},"end":{"line":2,"column":30}},"2":{"start":{"line":3,"column":0},"end":{"line":3,"column":0}},"3":{"start":{"line":4,"column":0},"end":{"line":4,"column":36}},"4":{"start":{"line":5,"column":0},"end":{"line":5,"column":40}},"5":{"start":{"line":6,"column":0},"end":{"line":6,"column":71}},"6":{"start":{"line":7,"column":0},"end":{"line":7,"column":17}},"7":{"start":{"line":8,"column":0},"end":{"line":8,"column":3}},"8":{"start":{"line":9,"column":0},"end":{"line":9,"column":0}},"9":{"start":{"line":10,"column":0},"end":{"line":10,"column":44}},"10":{"start":{"line":11,"column":0},"end":{"line":11,"column":48}},"11":{"start":{"line":12,"column":0},"end":{"line":12,"column":17}},"12":{"start":{"line":13,"column":0},"end":{"line":13,"column":3}},"13":{"start":{"line":14,"column":0},"end":{"line":14,"column":48}},"14":{"start":{"line":15,"column":0},"end":{"line":15,"column":17}},"15":{"start":{"line":16,"column":0},"end":{"line":16,"column":3}},"16":{"start":{"line":17,"column":0},"end":{"line":17,"column":0}},"17":{"start":{"line":18,"column":0},"end":{"line":18,"column":33}},"18":{"start":{"line":19,"column":0},"end":{"line":19,"column":37}},"19":{"start":{"line":20,"column":0},"end":{"line":20,"column":0}},"20":{"start":{"line":21,"column":0},"end":{"line":21,"column":65}},"21":{"start":{"line":22,"column":0},"end":{"line":22,"column":17}},"22":{"start":{"line":23,"column":0},"end":{"line":23,"column":3}},"23":{"start":{"line":24,"column":0},"end":{"line":24,"column":0}},"24":{"start":{"line":25,"column":0},"end":{"line":25,"column":56}},"25":{"start":{"line":26,"column":0},"end":{"line":26,"column":74}},"26":{"start":{"line":27,"column":0},"end":{"line":27,"column":17}},"27":{"start":{"line":28,"column":0},"end":{"line":28,"column":3}},"28":{"start":{"line":29,"column":0},"end":{"line":29,"column":0}},"29":{"start":{"line":30,"column":0},"end":{"line":30,"column":57}},"30":{"start":{"line":31,"column":0},"end":{"line":31,"column":41}},"31":{"start":{"line":32,"column":0},"end":{"line":32,"column":0}},"32":{"start":{"line":33,"column":0},"end":{"line":33,"column":13}},"33":{"start":{"line":34,"column":0},"end":{"line":34,"column":27}},"34":{"start":{"line":35,"column":0},"end":{"line":35,"column":19}},"35":{"start":{"line":36,"column":0},"end":{"line":36,"column":21}},"36":{"start":{"line":37,"column":0},"end":{"line":37,"column":7}},"37":{"start":{"line":38,"column":0},"end":{"line":38,"column":5}},"38":{"start":{"line":39,"column":0},"end":{"line":39,"column":3}},"39":{"start":{"line":40,"column":0},"end":{"line":40,"column":0}},"40":{"start":{"line":41,"column":0},"end":{"line":41,"column":14}},"41":{"start":{"line":42,"column":0},"end":{"line":42,"column":1}},"42":{"start":{"line":43,"column":0},"end":{"line":43,"column":0}},"43":{"start":{"line":44,"column":0},"end":{"line":44,"column":41}},"44":{"start":{"line":45,"column":0},"end":{"line":45,"column":18}},"45":{"start":{"line":46,"column":0},"end":{"line":46,"column":29}},"46":{"start":{"line":47,"column":0},"end":{"line":47,"column":20}},"47":{"start":{"line":48,"column":0},"end":{"line":48,"column":16}},"48":{"start":{"line":49,"column":0},"end":{"line":49,"column":5}},"49":{"start":{"line":50,"column":0},"end":{"line":50,"column":3}},"50":{"start":{"line":51,"column":0},"end":{"line":51,"column":17}},"51":{"start":{"line":52,"column":0},"end":{"line":52,"column":1}}},"s":{"0":1,"1":10,"2":10,"3":10,"4":10,"5":10,"6":3,"7":3,"8":3,"9":7,"10":7,"11":1,"12":1,"13":6,"14":1,"15":1,"16":1,"17":5,"18":5,"19":5,"20":10,"21":1,"22":1,"23":1,"24":4,"25":10,"26":1,"27":1,"28":1,"29":3,"30":3,"31":3,"32":3,"33":2,"34":2,"35":1,"36":1,"37":2,"38":1,"39":1,"40":2,"41":2,"42":1,"43":1,"44":1,"45":1,"46":181,"47":2,"48":2,"49":181,"50":1,"51":1},"branchMap":{"0":{"type":"branch","line":2,"loc":{"start":{"line":2,"column":-1},"end":{"line":42,"column":1}},"locations":[{"start":{"line":2,"column":-1},"end":{"line":42,"column":1}}]},"1":{"type":"branch","line":6,"loc":{"start":{"line":6,"column":37},"end":{"line":6,"column":69}},"locations":[{"start":{"line":6,"column":37},"end":{"line":6,"column":69}}]},"2":{"type":"branch","line":7,"loc":{"start":{"line":7,"column":-1},"end":{"line":11,"column":48}},"locations":[{"start":{"line":7,"column":-1},"end":{"line":11,"column":48}}]},"3":{"type":"branch","line":7,"loc":{"start":{"line":7,"column":-1},"end":{"line":9,"column":0}},"locations":[{"start":{"line":7,"column":-1},"end":{"line":9,"column":0}}]},"4":{"type":"branch","line":10,"loc":{"start":{"line":10,"column":-1},"end":{"line":11,"column":48}},"locations":[{"start":{"line":10,"column":-1},"end":{"line":11,"column":48}}]},"5":{"type":"branch","line":12,"loc":{"start":{"line":12,"column":-1},"end":{"line":14,"column":2}},"locations":[{"start":{"line":12,"column":-1},"end":{"line":14,"column":2}}]},"6":{"type":"branch","line":14,"loc":{"start":{"line":14,"column":0},"end":{"line":14,"column":48}},"locations":[{"start":{"line":14,"column":0},"end":{"line":14,"column":48}}]},"7":{"type":"branch","line":15,"loc":{"start":{"line":15,"column":-1},"end":{"line":17,"column":0}},"locations":[{"start":{"line":15,"column":-1},"end":{"line":17,"column":0}}]},"8":{"type":"branch","line":18,"loc":{"start":{"line":18,"column":-1},"end":{"line":21,"column":24}},"locations":[{"start":{"line":18,"column":-1},"end":{"line":21,"column":24}}]},"9":{"type":"branch","line":21,"loc":{"start":{"line":21,"column":24},"end":{"line":21,"column":43}},"locations":[{"start":{"line":21,"column":24},"end":{"line":21,"column":43}}]},"10":{"type":"branch","line":21,"loc":{"start":{"line":21,"column":44},"end":{"line":21,"column":63}},"locations":[{"start":{"line":21,"column":44},"end":{"line":21,"column":63}}]},"11":{"type":"branch","line":22,"loc":{"start":{"line":22,"column":-1},"end":{"line":24,"column":0}},"locations":[{"start":{"line":22,"column":-1},"end":{"line":24,"column":0}}]},"12":{"type":"branch","line":25,"loc":{"start":{"line":25,"column":-1},"end":{"line":26,"column":72}},"locations":[{"start":{"line":25,"column":-1},"end":{"line":26,"column":72}}]},"13":{"type":"branch","line":27,"loc":{"start":{"line":27,"column":-1},"end":{"line":29,"column":0}},"locations":[{"start":{"line":27,"column":-1},"end":{"line":29,"column":0}}]},"14":{"type":"branch","line":30,"loc":{"start":{"line":30,"column":-1},"end":{"line":40,"column":0}},"locations":[{"start":{"line":30,"column":-1},"end":{"line":40,"column":0}}]},"15":{"type":"branch","line":30,"loc":{"start":{"line":30,"column":-1},"end":{"line":33,"column":13}},"locations":[{"start":{"line":30,"column":-1},"end":{"line":33,"column":13}}]},"16":{"type":"branch","line":34,"loc":{"start":{"line":34,"column":-1},"end":{"line":40,"column":0}},"locations":[{"start":{"line":34,"column":-1},"end":{"line":40,"column":0}}]},"17":{"type":"branch","line":36,"loc":{"start":{"line":36,"column":-1},"end":{"line":38,"column":2}},"locations":[{"start":{"line":36,"column":-1},"end":{"line":38,"column":2}}]},"18":{"type":"branch","line":39,"loc":{"start":{"line":39,"column":0},"end":{"line":40,"column":0}},"locations":[{"start":{"line":39,"column":0},"end":{"line":40,"column":0}}]},"19":{"type":"branch","line":41,"loc":{"start":{"line":41,"column":-1},"end":{"line":42,"column":1}},"locations":[{"start":{"line":41,"column":-1},"end":{"line":42,"column":1}}]},"20":{"type":"branch","line":47,"loc":{"start":{"line":47,"column":-1},"end":{"line":51,"column":2}},"locations":[{"start":{"line":47,"column":-1},"end":{"line":51,"column":2}}]},"21":{"type":"branch","line":48,"loc":{"start":{"line":48,"column":-1},"end":{"line":50,"column":2}},"locations":[{"start":{"line":48,"column":-1},"end":{"line":50,"column":2}}]}},"b":{"0":[10],"1":[9],"2":[9],"3":[3],"4":[7],"5":[1],"6":[6],"7":[1],"8":[5],"9":[1],"10":[1],"11":[1],"12":[4],"13":[1],"14":[4],"15":[3],"16":[2],"17":[1],"18":[1],"19":[2],"20":[181],"21":[2]},"fnMap":{"0":{"name":"validate","decl":{"start":{"line":2,"column":-1},"end":{"line":42,"column":1}},"loc":{"start":{"line":2,"column":-1},"end":{"line":42,"column":1}},"line":2}},"f":{"0":10}}
,"/Users/sandeepvemula/Documents/lib/proofpoint/valid-sentence/src/test/setup.js": {"path":"/Users/sandeepvemula/Documents/lib/proofpoint/valid-sentence/src/test/setup.js","all":false,"statementMap":{"0":{"start":{"line":1,"column":0},"end":{"line":1,"column":35}}},"s":{"0":1},"branchMap":{},"b":{},"fnMap":{},"f":{}}
}
